########################################################################
# Job 2689458.akb in Schlange serial
# angeforderte Ressourcen: mem=1024mb,neednodes=node016,nodes=1:ppn=1,walltime=00:05:00
########################################################################
1 525
2 516
3 513
4 513
5 513
6 513
7 513
8 513
9 513
10 513
11 513
12 513
13 513
14 513
15 513
16 513
17 513
18 513
19 513
20 513
21 513
22 513
23 513
24 513
25 513
26 513
27 513
28 513
29 513
30 513
31 513
32 513
33 513
34 513
35 513
36 513
37 513
38 513
39 513
40 513
41 513
42 513
43 513
44 513
45 513
46 513
47 513
48 513
49 513
50 513
51 513
52 513
53 513
54 513
55 513
56 513
57 513
58 513
59 513
60 513
61 513
62 513
63 513
64 513
65 513
66 513
67 513
68 513
69 513
70 513
71 513
72 513
73 513
74 513
75 513
76 513
77 513
78 513
79 513
80 513
81 513
82 513
83 513
84 513
85 513
86 513
87 513
88 513
89 513
90 513
91 513
92 513
93 513
94 513
95 513
96 513
97 513
98 513
99 513
100 513
max: 525
########################################################################
benutzte Ressourcen:
cput=00:00:00,mem=0kb,vmem=0kb,walltime=00:00:00
########################################################################
