########################################################################
# Job 2689459.akb in Schlange serial
# angeforderte Ressourcen: mem=1024mb,neednodes=node016,nodes=1:ppn=1,walltime=00:05:00
########################################################################
100 1101
100 1077
100 1101
100 1095
100 1110
1000 5751
1000 5742
1000 5742
1000 5766
1000 5727
10000 52443
10000 52401
10000 52473
10000 52458
10000 52404
100000 524994
100000 519645
100000 520614
100000 518853
100000 520692
########################################################################
benutzte Ressourcen:
cput=00:00:00,mem=0kb,vmem=0kb,walltime=00:00:00
########################################################################
