########################################################################
# Job 2719403.akb in Schlange parallel
# angeforderte Ressourcen: neednodes=node016:ppn=8+node015:ppn=8+node014:ppn=8+node013:ppn=8,nodes=4:ppn=8,walltime=00:05:00
########################################################################


job: n=1000 p=2
rank  time  gflops  scalar

0 0.000056 0.017960 1102535606335259803648.000000
1 0.000055 0.018273 1102535606335259803648.000000


job: n=1000 p=4
rank  time  gflops  scalar

0 0.000089 0.005667 1171257628349359718400.000000
1 0.000093 0.005406 1171257628349359718400.000000
2 0.000089 0.005667 1171257628349359718400.000000
3 0.000092 0.005477 1171257628349359718400.000000
1 0.000118 0.002864 1137147651245321879552.000000
5 0.000120 0.002879 1137147651245321879552.000000
2 0.000124 0.002726 1137147651245321879552.000000
3 0.000122 0.002774 1137147651245321879552.000000


job: n=1000 p=6
rank  time  gflops  scalar

0 0.000123 0.002747 1137147651245321879552.000000
4 0.000123 0.002747 1137147651245321879552.000000


job: n=1000 p=8
rank  time  gflops  scalar

0 0.000170 0.001518 1157739533340977790976.000000
2 0.000171 0.001507 1157739533340977790976.000000
3 0.000171 0.001509 1157739533340977790976.000000
1 0.000175 0.001474 1157739533340977790976.000000
6 0.000171 0.001507 1157739533340977790976.000000
7 0.000171 0.001509 1157739533340977790976.000000
4 0.000169 0.001526 1157739533340977790976.000000
5 0.000175 0.001474 1157739533340977790976.000000


job: n=1000 p=10
rank  time  gflops  scalar

7 0.000621 0.000338 1177679486547240812544.000000
0 0.000753 0.000279 1177679486547240812544.000000
1 0.000748 0.000281 1177679486547240812544.000000
4 0.000758 0.000277 1177679486547240812544.000000
5 0.000736 0.000285 1177679486547240812544.000000
6 0.000632 0.000332 1177679486547240812544.000000
2 0.000751 0.000280 1177679486547240812544.000000
9 0.000743 0.000283 1177679486547240812544.000000
8 0.000744 0.000282 1177679486547240812544.000000
3 0.000735 0.000286 1177679486547240812544.000000


job: n=1000 p=12
rank  time  gflops  scalar

1 0.000701 0.000254 1086203710488591204352.000000
3 0.000708 0.000251 1086203710488591204352.000000
0 0.000735 0.000242 1086203710488591204352.000000
2 0.000723 0.000246 1086203710488591204352.000000
9 0.000719 0.000248 1086203710488591204352.000000
10 0.000722 0.000247 1086203710488591204352.000000
11 0.000720 0.000258 1086203710488591204352.000000
8 0.000726 0.000245 1086203710488591204352.000000
5 0.000713 0.000250 1086203710488591204352.000000
4 0.000728 0.000244 1086203710488591204352.000000
6 0.000724 0.000246 1086203710488591204352.000000
7 0.000718 0.000248 1086203710488591204352.000000


job: n=1000 p=14
rank  time  gflops  scalar

0 0.000770 0.000203 1113121396212320567296.000000
3 0.000602 0.000259 1113121396212320567296.000000
4 0.000758 0.000206 1113121396212320567296.000000
5 0.000740 0.000211 1113121396212320567296.000000
7 0.000720 0.000217 1113121396212320567296.000000
10 0.000625 0.000250 1113121396212320567296.000000
11 0.000716 0.000218 1113121396212320567296.000000
9 0.000735 0.000212 1113121396212320567296.000000
8 0.000747 0.000209 1113121396212320567296.000000
12 0.000777 0.000201 1113121396212320567296.000000
13 0.000705 0.000238 1113121396212320567296.000000
1 0.000747 0.000209 1113121396212320567296.000000
2 0.000591 0.000264 1113121396212320567296.000000
6 0.000721 0.000216 1113121396212320567296.000000


job: n=1000 p=16
rank  time  gflops  scalar

7 0.000779 0.000180 1158903172099808690176.000000
3 0.000730 0.000192 1158903172099808690176.000000
5 0.000730 0.000192 1158903172099808690176.000000
1 0.000732 0.000191 1158903172099808690176.000000
9 0.000761 0.000184 1158903172099808690176.000000
13 0.000761 0.000184 1158903172099808690176.000000
11 0.000769 0.000182 1158903172099808690176.000000
15 0.000781 0.000200 1158903172099808690176.000000
0 0.000891 0.000157 1158903172099808690176.000000
4 0.000899 0.000156 1158903172099808690176.000000
2 0.000892 0.000157 1158903172099808690176.000000
14 0.000886 0.000158 1158903172099808690176.000000
12 0.000894 0.000157 1158903172099808690176.000000
8 0.000899 0.000156 1158903172099808690176.000000
6 0.000884 0.000158 1158903172099808690176.000000
10 0.000884 0.000158 1158903172099808690176.000000


job: n=1000 p=18
rank  time  gflops  scalar

0 0.000925 0.000138 1127712948078890844160.000000
2 0.000915 0.000140 1127712948078890844160.000000
4 0.000860 0.000149 1127712948078890844160.000000
1 0.000922 0.000139 1127712948078890844160.000000
9 0.000943 0.000136 1127712948078890844160.000000
11 0.000933 0.000137 1127712948078890844160.000000
8 0.000842 0.000152 1127712948078890844160.000000
10 0.000945 0.000135 1127712948078890844160.000000
12 0.000946 0.000135 1127712948078890844160.000000
15 0.000912 0.000140 1127712948078890844160.000000
16 0.000910 0.000141 1127712948078890844160.000000
17 0.000911 0.000162 1127712948078890844160.000000
3 0.000940 0.000136 1127712948078890844160.000000
5 0.000883 0.000145 1127712948078890844160.000000
14 0.000917 0.000140 1127712948078890844160.000000
13 0.000940 0.000136 1127712948078890844160.000000
6 0.000818 0.000156 1127712948078890844160.000000
7 0.000894 0.000143 1127712948078890844160.000000


job: n=1000 p=20
rank  time  gflops  scalar

3 0.000763 0.000157 1159308961839399305216.000000
0 0.000804 0.000149 1159308961839399305216.000000
1 0.000802 0.000150 1159308961839399305216.000000
5 0.000740 0.000162 1159308961839399305216.000000
7 0.000843 0.000142 1159308961839399305216.000000
2 0.000805 0.000149 1159308961839399305216.000000
6 0.000901 0.000133 1159308961839399305216.000000
9 0.000740 0.000162 1159308961839399305216.000000
11 0.000915 0.000131 1159308961839399305216.000000
16 0.000804 0.000149 1159308961839399305216.000000
8 0.000799 0.000150 1159308961839399305216.000000
17 0.000790 0.000152 1159308961839399305216.000000
18 0.000849 0.000141 1159308961839399305216.000000
15 0.000850 0.000141 1159308961839399305216.000000
19 0.000844 0.000142 1159308961839399305216.000000
12 0.000892 0.000135 1159308961839399305216.000000
13 0.000887 0.000135 1159308961839399305216.000000
4 0.000796 0.000151 1159308961839399305216.000000
10 0.001075 0.000112 1159308961839399305216.000000
14 0.000986 0.000122 1159308961839399305216.000000


job: n=1000 p=22
rank  time  gflops  scalar

1 0.000882 0.000127 1150461841730424668160.000000
5 0.000937 0.000120 1150461841730424668160.000000
3 0.000939 0.000119 1150461841730424668160.000000
4 0.000939 0.000119 1150461841730424668160.000000
2 0.000943 0.000119 1150461841730424668160.000000
20 0.000830 0.000135 1150461841730424668160.000000
21 0.000835 0.000158 1150461841730424668160.000000
17 0.000898 0.000125 1150461841730424668160.000000
19 0.000870 0.000129 1150461841730424668160.000000
16 0.000905 0.000124 1150461841730424668160.000000
7 0.001008 0.000111 1150461841730424668160.000000
18 0.000945 0.000119 1150461841730424668160.000000
6 0.000937 0.000120 1150461841730424668160.000000
0 0.000819 0.000137 1150461841730424668160.000000
9 0.001004 0.000112 1150461841730424668160.000000
11 0.000953 0.000117 1150461841730424668160.000000
12 0.000904 0.000124 1150461841730424668160.000000
13 0.000901 0.000124 1150461841730424668160.000000
14 0.000901 0.000124 1150461841730424668160.000000
15 0.000881 0.000127 1150461841730424668160.000000
8 0.001035 0.000108 1150461841730424668160.000000
10 0.000943 0.000119 1150461841730424668160.000000


job: n=1000 p=24
rank  time  gflops  scalar

0 0.000937 0.000113 1162673074285475266560.000000
1 0.000949 0.000112 1162673074285475266560.000000
2 0.000911 0.000116 1162673074285475266560.000000
3 0.000922 0.000115 1162673074285475266560.000000
5 0.000895 0.000118 1162673074285475266560.000000
6 0.000881 0.000120 1162673074285475266560.000000
7 0.000968 0.000110 1162673074285475266560.000000
4 0.000932 0.000114 1162673074285475266560.000000
15 0.000885 0.000120 1162673074285475266560.000000
23 0.000931 0.000148 1162673074285475266560.000000
14 0.000914 0.000116 1162673074285475266560.000000
9 0.000965 0.000110 1162673074285475266560.000000
21 0.000897 0.000118 1162673074285475266560.000000
10 0.000918 0.000115 1162673074285475266560.000000
11 0.000966 0.000110 1162673074285475266560.000000
19 0.000897 0.000118 1162673074285475266560.000000
20 0.000903 0.000117 1162673074285475266560.000000
13 0.000956 0.000111 1162673074285475266560.000000
16 0.000935 0.000113 1162673074285475266560.000000
22 0.000893 0.000119 1162673074285475266560.000000
18 0.000918 0.000115 1162673074285475266560.000000
12 0.000940 0.000113 1162673074285475266560.000000
17 0.000898 0.000118 1162673074285475266560.000000
8 0.000998 0.000106 1162673074285475266560.000000


job: n=1000 p=26
rank  time  gflops  scalar

3 0.001201 0.000085 1122768480671590514688.000000
6 0.001134 0.000090 1122768480671590514688.000000
9 0.001109 0.000092 1122768480671590514688.000000
15 0.001087 0.000094 1122768480671590514688.000000
13 0.001110 0.000092 1122768480671590514688.000000
0 0.001227 0.000083 1122768480671590514688.000000
1 0.001238 0.000082 1122768480671590514688.000000
10 0.001186 0.000086 1122768480671590514688.000000
25 0.001175 0.000107 1122768480671590514688.000000
12 0.001279 0.000080 1122768480671590514688.000000
24 0.001226 0.000083 1122768480671590514688.000000
2 0.001380 0.000074 1122768480671590514688.000000
5 0.001116 0.000091 1122768480671590514688.000000
11 0.001187 0.000086 1122768480671590514688.000000
17 0.001043 0.000098 1122768480671590514688.000000
18 0.001090 0.000094 1122768480671590514688.000000
14 0.001088 0.000094 1122768480671590514688.000000
19 0.001199 0.000085 1122768480671590514688.000000
20 0.001218 0.000084 1122768480671590514688.000000
8 0.001185 0.000086 1122768480671590514688.000000
21 0.001163 0.000088 1122768480671590514688.000000
22 0.001235 0.000083 1122768480671590514688.000000
23 0.001218 0.000084 1122768480671590514688.000000
16 0.001104 0.000092 1122768480671590514688.000000
4 0.001215 0.000084 1122768480671590514688.000000
7 0.001105 0.000092 1122768480671590514688.000000


job: n=1000 p=28
rank  time  gflops  scalar

3 0.000949 0.000103 1124101376988828925952.000000
7 0.000926 0.000106 1124101376988828925952.000000
1 0.001043 0.000094 1124101376988828925952.000000
5 0.000970 0.000101 1124101376988828925952.000000
13 0.001035 0.000095 1124101376988828925952.000000
11 0.001041 0.000094 1124101376988828925952.000000
12 0.001057 0.000093 1124101376988828925952.000000
17 0.001024 0.000096 1124101376988828925952.000000
9 0.000959 0.000102 1124101376988828925952.000000
21 0.001020 0.000096 1124101376988828925952.000000
27 0.001019 0.000135 1124101376988828925952.000000
22 0.001123 0.000087 1124101376988828925952.000000
25 0.001036 0.000095 1124101376988828925952.000000
16 0.001060 0.000092 1124101376988828925952.000000
20 0.001067 0.000092 1124101376988828925952.000000
8 0.001064 0.000092 1124101376988828925952.000000
10 0.001221 0.000080 1124101376988828925952.000000
26 0.001204 0.000081 1124101376988828925952.000000
24 0.001196 0.000082 1124101376988828925952.000000
2 0.001317 0.000074 1124101376988828925952.000000
18 0.001360 0.000072 1124101376988828925952.000000
6 0.000970 0.000101 1124101376988828925952.000000
23 0.001083 0.000090 1124101376988828925952.000000
0 0.001043 0.000094 1124101376988828925952.000000
19 0.000965 0.000102 1124101376988828925952.000000
15 0.001037 0.000094 1124101376988828925952.000000
14 0.001070 0.000092 1124101376988828925952.000000
4 0.000973 0.000101 1124101376988828925952.000000


job: n=1000 p=30
rank  time  gflops  scalar

1 0.001111 0.000086 1190781155119379775488.000000
3 0.001120 0.000086 1190781155119379775488.000000
7 0.001100 0.000087 1190781155119379775488.000000
0 0.001134 0.000085 1190781155119379775488.000000
2 0.001116 0.000086 1190781155119379775488.000000
4 0.001093 0.000088 1190781155119379775488.000000
5 0.001125 0.000085 1190781155119379775488.000000
6 0.001245 0.000077 1190781155119379775488.000000
8 0.001142 0.000084 1190781155119379775488.000000
9 0.001130 0.000085 1190781155119379775488.000000
17 0.001085 0.000088 1190781155119379775488.000000
18 0.001109 0.000087 1190781155119379775488.000000
10 0.001115 0.000086 1190781155119379775488.000000
19 0.001089 0.000088 1190781155119379775488.000000
11 0.001124 0.000085 1190781155119379775488.000000
24 0.001152 0.000083 1190781155119379775488.000000
20 0.001101 0.000087 1190781155119379775488.000000
12 0.001106 0.000087 1190781155119379775488.000000
26 0.001205 0.000080 1190781155119379775488.000000
13 0.001097 0.000088 1190781155119379775488.000000
21 0.001126 0.000085 1190781155119379775488.000000
14 0.001110 0.000086 1190781155119379775488.000000
22 0.001144 0.000084 1190781155119379775488.000000
27 0.001216 0.000079 1190781155119379775488.000000
23 0.001098 0.000087 1190781155119379775488.000000
15 0.001083 0.000089 1190781155119379775488.000000
28 0.001215 0.000079 1190781155119379775488.000000
29 0.001217 0.000095 1190781155119379775488.000000
16 0.001153 0.000083 1190781155119379775488.000000
25 0.001212 0.000079 1190781155119379775488.000000


job: n=1000 p=32
rank  time  gflops  scalar

7 0.001169 0.000080 1165149899341662781440.000000
5 0.001207 0.000078 1165149899341662781440.000000
23 0.001220 0.000077 1165149899341662781440.000000
3 0.001299 0.000072 1165149899341662781440.000000
17 0.001140 0.000082 1165149899341662781440.000000
21 0.001229 0.000076 1165149899341662781440.000000
6 0.001316 0.000071 1165149899341662781440.000000
22 0.001336 0.000070 1165149899341662781440.000000
4 0.001378 0.000068 1165149899341662781440.000000
0 0.001304 0.000072 1165149899341662781440.000000
16 0.001222 0.000077 1165149899341662781440.000000
18 0.001354 0.000069 1165149899341662781440.000000
20 0.001373 0.000068 1165149899341662781440.000000
2 0.001539 0.000061 1165149899341662781440.000000
1 0.001239 0.000076 1165149899341662781440.000000
8 0.001172 0.000080 1165149899341662781440.000000
9 0.001136 0.000083 1165149899341662781440.000000
24 0.001264 0.000074 1165149899341662781440.000000
10 0.001200 0.000078 1165149899341662781440.000000
25 0.001232 0.000076 1165149899341662781440.000000
28 0.001287 0.000073 1165149899341662781440.000000
19 0.001278 0.000074 1165149899341662781440.000000
29 0.001205 0.000078 1165149899341662781440.000000
11 0.001144 0.000082 1165149899341662781440.000000
30 0.001277 0.000074 1165149899341662781440.000000
12 0.001200 0.000078 1165149899341662781440.000000
31 0.001244 0.000088 1165149899341662781440.000000
13 0.001123 0.000084 1165149899341662781440.000000
14 0.001177 0.000080 1165149899341662781440.000000
15 0.001134 0.000083 1165149899341662781440.000000
26 0.001292 0.000073 1165149899341662781440.000000
27 0.001205 0.000078 1165149899341662781440.000000
########################################################################
benutzte Ressourcen:
cput=00:00:00,mem=628kb,vmem=6228kb,walltime=00:00:19
########################################################################
