########################################################################
# Job 2738569.akb in Schlange parallel
# angeforderte Ressourcen: neednodes=node016:ppn=8+node015:ppn=8+node014:ppn=8+node013:ppn=8,nodes=4:ppn=8,walltime=00:15:00
########################################################################
End of computation!
Time needed for solving: 89.644536s
Time needed for solving: 89.644519s
End of computation!
Time needed for solving: 83.871469s
Time needed for solving: 83.871383s
Time needed for solving: 83.871413s
Time needed for solving: 83.871370s
End of computation!
Time needed for solving: 85.438234s
Time needed for solving: 85.437658s
Time needed for solving: 85.438088s
Time needed for solving: 85.437839s
Time needed for solving: 85.437695s
Time needed for solving: 85.435458s
Time needed for solving: 85.438188s
Time needed for solving: 85.438224s
End of computation!
Time needed for solving: 15.285899s
Time needed for solving: 15.285632s
Time needed for solving: 15.286012s
Time needed for solving: 15.285822s
Time needed for solving: 15.281789s
Time needed for solving: 15.285697s
Time needed for solving: 15.285745s
Time needed for solving: 15.285528s
Time needed for solving: 15.285516s
Time needed for solving: 15.285454s
Time needed for solving: 15.285622s
Time needed for solving: 15.285634s
Time needed for solving: 15.285496s
Time needed for solving: 15.285487s
Time needed for solving: 15.286212s
Time needed for solving: 15.275818s
End of computation!
Time needed for solving: 32.911189s
Time needed for solving: 32.910195s
Time needed for solving: 32.911053s
Time needed for solving: 32.910855s
Time needed for solving: 32.910921s
Time needed for solving: 32.911297s
Time needed for solving: 32.911413s
Time needed for solving: 32.910638s
Time needed for solving: 32.911024s
Time needed for solving: 32.910960s
Time needed for solving: 32.910887s
Time needed for solving: 32.910928s
Time needed for solving: 32.910571s
Time needed for solving: 32.910917s
Time needed for solving: 32.910637s
Time needed for solving: 32.910563s
Time needed for solving: 32.911225s
Time needed for solving: 32.910859s
Time needed for solving: 32.911027s
Time needed for solving: 32.910468s
Time needed for solving: 32.910867s
Time needed for solving: 32.910837s
Time needed for solving: 32.910608s
Time needed for solving: 32.910315s
Time needed for solving: 32.910434s
Time needed for solving: 32.910531s
Time needed for solving: 32.910366s
Time needed for solving: 32.910856s
Time needed for solving: 32.910441s
Time needed for solving: 32.910310s
Time needed for solving: 32.910346s
Time needed for solving: 32.910863s
########################################################################
benutzte Ressourcen:
cput=00:00:00,mem=4800kb,vmem=211100kb,walltime=00:05:13
########################################################################
