########################################################################
# Job 2724221.akb in Schlange serial
# angeforderte Ressourcen: mem=2000mb,neednodes=node016,nodes=1:ppn=1,walltime=00:30:00
########################################################################
Setting up problem...ok
Solving...
iterations: 100
Saving bitmap...ok
iterations: 200
Saving bitmap...ok
iterations: 300
Saving bitmap...ok
iterations: 400
Saving bitmap...ok
iterations: 500
Saving bitmap...ok
iterations: 600
Saving bitmap...ok
iterations: 700
Saving bitmap...ok
iterations: 800
Saving bitmap...ok
iterations: 900
Saving bitmap...ok
iterations: 1000
Saving bitmap...ok
iterations: 1100
Saving bitmap...ok
iterations: 1200
Saving bitmap...ok
iterations: 1300
Saving bitmap...ok
iterations: 1400
Saving bitmap...ok
iterations: 1500
Saving bitmap...ok
iterations: 1600
Saving bitmap...ok
iterations: 1700
Saving bitmap...ok
iterations: 1800
Saving bitmap...ok
iterations: 1900
Saving bitmap...ok
iterations: 2000
Saving bitmap...ok
iterations: 2100
Saving bitmap...ok
iterations: 2200
Saving bitmap...ok
iterations: 2300
Saving bitmap...ok
iterations: 2400
Saving bitmap...ok
iterations: 2500
Saving bitmap...ok
iterations: 2600
Saving bitmap...ok
iterations: 2700
Saving bitmap...ok
iterations: 2800
Saving bitmap...ok
iterations: 2900
Saving bitmap...ok
iterations: 3000
Saving bitmap...ok
iterations: 3100
Saving bitmap...ok
iterations: 3200
Saving bitmap...ok
iterations: 3300
Saving bitmap...ok
iterations: 3400
Saving bitmap...ok
iterations: 3500
Saving bitmap...ok
iterations: 3600
Saving bitmap...ok
iterations: 3700
Saving bitmap...ok
iterations: 3800
Saving bitmap...ok
iterations: 3900
Saving bitmap...ok
iterations: 4000
Saving bitmap...ok
iterations: 4100
Saving bitmap...ok
iterations: 4200
Saving bitmap...ok
iterations: 4300
Saving bitmap...ok
iterations: 4400
Saving bitmap...ok
iterations: 4500
Saving bitmap...ok
iterations: 4600
Saving bitmap...ok
iterations: 4700
Saving bitmap...ok
iterations: 4800
Saving bitmap...ok
iterations: 4900
Saving bitmap...ok
iterations: 5000
Saving bitmap...ok
iterations: 5100
Saving bitmap...ok
iterations: 5200
Saving bitmap...ok
iterations: 5300
Saving bitmap...ok
iterations: 5400
Saving bitmap...ok
iterations: 5500
Saving bitmap...ok
iterations: 5600
Saving bitmap...ok
iterations: 5700
Saving bitmap...ok
iterations: 5800
Saving bitmap...ok
iterations: 5900
Saving bitmap...ok
iterations: 6000
Saving bitmap...ok
iterations: 6100
Saving bitmap...ok
iterations: 6200
Saving bitmap...ok
iterations: 6300
Saving bitmap...ok
iterations: 6400
Saving bitmap...ok
iterations: 6500
Saving bitmap...ok
iterations: 6600
Saving bitmap...ok
iterations: 6700
Saving bitmap...ok
iterations: 6800
Saving bitmap...ok
iterations: 6900
Saving bitmap...ok
iterations: 7000
Saving bitmap...ok
iterations: 7100
Saving bitmap...ok
iterations: 7200
Saving bitmap...ok
iterations: 7300
Saving bitmap...ok
iterations: 7400
Saving bitmap...ok
iterations: 7500
Saving bitmap...ok
iterations: 7600
Saving bitmap...ok
iterations: 7700
Saving bitmap...ok
iterations: 7800
Saving bitmap...ok
iterations: 7900
Saving bitmap...ok
iterations: 8000
Saving bitmap...ok
iterations: 8100
Saving bitmap...ok
iterations: 8200
Saving bitmap...ok
iterations: 8300
Saving bitmap...ok
iterations: 8400
Saving bitmap...ok
iterations: 8500
Saving bitmap...ok
iterations: 8600
Saving bitmap...ok
iterations: 8700
Saving bitmap...ok
iterations: 8800
Saving bitmap...ok
iterations: 8900
Saving bitmap...ok
iterations: 9000
Saving bitmap...ok
iterations: 9100
Saving bitmap...ok
iterations: 9200
Saving bitmap...ok
iterations: 9300
Saving bitmap...ok
iterations: 9400
Saving bitmap...ok
iterations: 9500
Saving bitmap...ok
iterations: 9600
Saving bitmap...ok
iterations: 9700
Saving bitmap...ok
iterations: 9800
Saving bitmap...ok
iterations: 9900
Saving bitmap...ok
iterations: 10000
Saving bitmap...ok
End of computation!
Time needed for solving: 269.712251s
########################################################################
benutzte Ressourcen:
cput=00:00:00,mem=4176kb,vmem=204872kb,walltime=00:04:29
########################################################################
